<testsuites id="" name="" tests="1" failures="1" skipped="0" errors="0" time="4.166592">
<testsuite name="quick-test.spec.ts" timestamp="2025-08-27T18:57:05.152Z" hostname="chromium" tests="1" failures="1" skipped="0" time="0.14" errors="0">
<testcase name="capture login page" classname="quick-test.spec.ts" time="0.14">
<failure message="quick-test.spec.ts:3:5 capture login page" type="FAILURE">
<![CDATA[  [chromium] › quick-test.spec.ts:3:5 › capture login page ─────────────────────────────────────────

    Error: Playwright Test did not expect test.use() to be called here.
    Most common reasons include:
    - You are calling test.use() in a configuration file.
    - You are calling test.use() in a file that is imported by the configuration file.
    - You have two different versions of @playwright/test. This usually happens
      when one of the dependencies in your package.json depends on @playwright/test.

      2 |
      3 | test('capture login page', async ({ page }) => {
    > 4 |   test.use({
        |        ^
      5 |     ignoreHTTPSErrors: true,
      6 |   });
      7 |   
        at /home/coder/code/mine/nrghax/tests/quick-test.spec.ts:4:8

    attachment #1: screenshot (image/png) ──────────────────────────────────────────────────────────
    ../test-results/quick-test-capture-login-page-chromium/test-failed-1.png
    ────────────────────────────────────────────────────────────────────────────────────────────────

    attachment #2: video (video/webm) ──────────────────────────────────────────────────────────────
    ../test-results/quick-test-capture-login-page-chromium/video.webm
    ────────────────────────────────────────────────────────────────────────────────────────────────
]]>
</failure>
<system-out>
<![CDATA[
[[ATTACHMENT|test-results/quick-test-capture-login-page-chromium/test-failed-1.png]]

[[ATTACHMENT|test-results/quick-test-capture-login-page-chromium/video.webm]]
]]>
</system-out>
</testcase>
</testsuite>
</testsuites>